<?xml version="1.0" encoding="UTF-8"?>
<!-- Generated by org.testng.reporters.JUnitReportReporter -->
<testsuite hostname="DESKTOP-0U1PUKJ" failures="0" tests="1" name="testCases.TC_002_LoginTest" time="28.645" errors="0" timestamp="2024-01-23T04:22:12 IST" skipped="0">
  <testcase classname="testCases.TC_002_LoginTest" name="test_Login" time="28.645"/>
  <system-out/>
</testsuite> <!-- testCases.TC_002_LoginTest -->
